<?xml version="1.0" encoding="utf-8"?><testsuites><testsuite name="pytest" errors="0" failures="0" skipped="2" tests="191" time="35.222" timestamp="2023-01-27T14:39:27.884401" hostname="LAPTOP-jvoss"><testcase classname="sdk.monitor.azure-monitor-opentelemetry-exporter.tests.test_base_exporter.TestBaseExporter" name="test_constructor" time="0.023" /><testcase classname="sdk.monitor.azure-monitor-opentelemetry-exporter.tests.test_base_exporter.TestBaseExporter" name="test_statsbeat_200" time="0.007" /><testcase classname="sdk.monitor.azure-monitor-opentelemetry-exporter.tests.test_base_exporter.TestBaseExporter" name="test_statsbeat_206_no_retry" time="0.004" /><testcase classname="sdk.monitor.azure-monitor-opentelemetry-exporter.tests.test_base_exporter.TestBaseExporter" name="test_statsbeat_206_retry" time="0.004" /><testcase classname="sdk.monitor.azure-monitor-opentelemetry-exporter.tests.test_base_exporter.TestBaseExporter" name="test_statsbeat_400" time="0.006" /><testcase classname="sdk.monitor.azure-monitor-opentelemetry-exporter.tests.test_base_exporter.TestBaseExporter" name="test_statsbeat_402" time="0.009" /><testcase classname="sdk.monitor.azure-monitor-opentelemetry-exporter.tests.test_base_exporter.TestBaseExporter" name="test_statsbeat_408" time="0.005" /><testcase classname="sdk.monitor.azure-monitor-opentelemetry-exporter.tests.test_base_exporter.TestBaseExporter" name="test_statsbeat_429" time="0.011" /><testcase classname="sdk.monitor.azure-monitor-opentelemetry-exporter.tests.test_base_exporter.TestBaseExporter" name="test_statsbeat_439" time="0.011" /><testcase classname="sdk.monitor.azure-monitor-opentelemetry-exporter.tests.test_base_exporter.TestBaseExporter" name="test_statsbeat_500" time="4.811" /><testcase classname="sdk.monitor.azure-monitor-opentelemetry-exporter.tests.test_base_exporter.TestBaseExporter" name="test_statsbeat_502" time="0.005" /><testcase classname="sdk.monitor.azure-monitor-opentelemetry-exporter.tests.test_base_exporter.TestBaseExporter" name="test_statsbeat_503" time="4.828" /><testcase classname="sdk.monitor.azure-monitor-opentelemetry-exporter.tests.test_base_exporter.TestBaseExporter" name="test_statsbeat_504" time="4.827" /><testcase classname="sdk.monitor.azure-monitor-opentelemetry-exporter.tests.test_base_exporter.TestBaseExporter" name="test_transmission_200" time="0.002" /><testcase classname="sdk.monitor.azure-monitor-opentelemetry-exporter.tests.test_base_exporter.TestBaseExporter" name="test_transmission_206_no_retry" time="0.004" /><testcase classname="sdk.monitor.azure-monitor-opentelemetry-exporter.tests.test_base_exporter.TestBaseExporter" name="test_transmission_206_retry" time="0.004" /><testcase classname="sdk.monitor.azure-monitor-opentelemetry-exporter.tests.test_base_exporter.TestBaseExporter" name="test_transmission_400" time="0.003" /><testcase classname="sdk.monitor.azure-monitor-opentelemetry-exporter.tests.test_base_exporter.TestBaseExporter" name="test_transmission_402" time="0.002" /><testcase classname="sdk.monitor.azure-monitor-opentelemetry-exporter.tests.test_base_exporter.TestBaseExporter" name="test_transmission_408" time="0.003" /><testcase classname="sdk.monitor.azure-monitor-opentelemetry-exporter.tests.test_base_exporter.TestBaseExporter" name="test_transmission_429" time="0.003" /><testcase classname="sdk.monitor.azure-monitor-opentelemetry-exporter.tests.test_base_exporter.TestBaseExporter" name="test_transmission_439" time="0.003" /><testcase classname="sdk.monitor.azure-monitor-opentelemetry-exporter.tests.test_base_exporter.TestBaseExporter" name="test_transmission_500" time="4.820" /><testcase classname="sdk.monitor.azure-monitor-opentelemetry-exporter.tests.test_base_exporter.TestBaseExporter" name="test_transmission_502" time="4.833" /><testcase classname="sdk.monitor.azure-monitor-opentelemetry-exporter.tests.test_base_exporter.TestBaseExporter" name="test_transmission_503" time="4.819" /><testcase classname="sdk.monitor.azure-monitor-opentelemetry-exporter.tests.test_base_exporter.TestBaseExporter" name="test_transmission_504" time="4.813" /><testcase classname="sdk.monitor.azure-monitor-opentelemetry-exporter.tests.test_base_exporter.TestBaseExporter" name="test_transmission_empty" time="0.002" /><testcase classname="sdk.monitor.azure-monitor-opentelemetry-exporter.tests.test_base_exporter.TestBaseExporter" name="test_transmit_from_storage_lease_failure" time="0.005" /><testcase classname="sdk.monitor.azure-monitor-opentelemetry-exporter.tests.test_base_exporter.TestBaseExporter" name="test_transmit_from_storage_nothing" time="0.002" /><testcase classname="sdk.monitor.azure-monitor-opentelemetry-exporter.tests.test_base_exporter.TestBaseExporter" name="test_transmit_from_storage_store_again" time="0.004" /><testcase classname="sdk.monitor.azure-monitor-opentelemetry-exporter.tests.test_base_exporter.TestBaseExporter" name="test_transmit_from_storage_success" time="0.004" /><testcase classname="sdk.monitor.azure-monitor-opentelemetry-exporter.tests.test_base_exporter.TestBaseExporter" name="test_transmit_http_error_not_retryable" time="0.002" /><testcase classname="sdk.monitor.azure-monitor-opentelemetry-exporter.tests.test_base_exporter.TestBaseExporter" name="test_transmit_http_error_redirect" time="0.002" /><testcase classname="sdk.monitor.azure-monitor-opentelemetry-exporter.tests.test_base_exporter.TestBaseExporter" name="test_transmit_http_error_redirect_invalid_location_header" time="0.001" /><testcase classname="sdk.monitor.azure-monitor-opentelemetry-exporter.tests.test_base_exporter.TestBaseExporter" name="test_transmit_http_error_redirect_missing_headers" time="0.001" /><testcase classname="sdk.monitor.azure-monitor-opentelemetry-exporter.tests.test_base_exporter.TestBaseExporter" name="test_transmit_http_error_retryable" time="0.001" /><testcase classname="sdk.monitor.azure-monitor-opentelemetry-exporter.tests.test_base_exporter.TestBaseExporter" name="test_transmit_request_error" time="0.001" /><testcase classname="sdk.monitor.azure-monitor-opentelemetry-exporter.tests.test_base_exporter.TestBaseExporter" name="test_transmit_request_error_statsbeat" time="0.004" /><testcase classname="sdk.monitor.azure-monitor-opentelemetry-exporter.tests.test_base_exporter.TestBaseExporter" name="test_transmit_request_exception" time="0.001" /><testcase classname="sdk.monitor.azure-monitor-opentelemetry-exporter.tests.test_base_exporter.TestBaseExporter" name="test_transmit_request_exception_statsbeat" time="0.003" /><testcase classname="sdk.monitor.azure-monitor-opentelemetry-exporter.tests.test_connection_string_parser.TestConnectionStringParser" name="test_invalid_key_dashes" time="0.002" /><testcase classname="sdk.monitor.azure-monitor-opentelemetry-exporter.tests.test_connection_string_parser.TestConnectionStringParser" name="test_invalid_key_empty" time="0.001" /><testcase classname="sdk.monitor.azure-monitor-opentelemetry-exporter.tests.test_connection_string_parser.TestConnectionStringParser" name="test_invalid_key_length" time="0.001" /><testcase classname="sdk.monitor.azure-monitor-opentelemetry-exporter.tests.test_connection_string_parser.TestConnectionStringParser" name="test_invalid_key_prefix" time="0.001" /><testcase classname="sdk.monitor.azure-monitor-opentelemetry-exporter.tests.test_connection_string_parser.TestConnectionStringParser" name="test_invalid_key_section1_hex" time="0.001" /><testcase classname="sdk.monitor.azure-monitor-opentelemetry-exporter.tests.test_connection_string_parser.TestConnectionStringParser" name="test_invalid_key_section1_length" time="0.001" /><testcase classname="sdk.monitor.azure-monitor-opentelemetry-exporter.tests.test_connection_string_parser.TestConnectionStringParser" name="test_invalid_key_section2_hex" time="0.000" /><testcase classname="sdk.monitor.azure-monitor-opentelemetry-exporter.tests.test_connection_string_parser.TestConnectionStringParser" name="test_invalid_key_section2_length" time="0.002" /><testcase classname="sdk.monitor.azure-monitor-opentelemetry-exporter.tests.test_connection_string_parser.TestConnectionStringParser" name="test_invalid_key_section3_hex" time="0.001" /><testcase classname="sdk.monitor.azure-monitor-opentelemetry-exporter.tests.test_connection_string_parser.TestConnectionStringParser" name="test_invalid_key_section3_length" time="0.001" /><testcase classname="sdk.monitor.azure-monitor-opentelemetry-exporter.tests.test_connection_string_parser.TestConnectionStringParser" name="test_invalid_key_section4_hex" time="0.001" /><testcase classname="sdk.monitor.azure-monitor-opentelemetry-exporter.tests.test_connection_string_parser.TestConnectionStringParser" name="test_invalid_key_section4_length" time="0.001" /><testcase classname="sdk.monitor.azure-monitor-opentelemetry-exporter.tests.test_connection_string_parser.TestConnectionStringParser" name="test_invalid_key_section5_hex" time="0.001" /><testcase classname="sdk.monitor.azure-monitor-opentelemetry-exporter.tests.test_connection_string_parser.TestConnectionStringParser" name="test_invalid_key_section5_length" time="0.000" /><testcase classname="sdk.monitor.azure-monitor-opentelemetry-exporter.tests.test_connection_string_parser.TestConnectionStringParser" name="test_invalid_key_suffix" time="0.001" /><testcase classname="sdk.monitor.azure-monitor-opentelemetry-exporter.tests.test_connection_string_parser.TestConnectionStringParser" name="test_parse_connection_string_invalid" time="0.002" /><testcase classname="sdk.monitor.azure-monitor-opentelemetry-exporter.tests.test_connection_string_parser.TestConnectionStringParser" name="test_parse_connection_string_invalid_auth" time="0.001" /><testcase classname="sdk.monitor.azure-monitor-opentelemetry-exporter.tests.test_connection_string_parser.TestConnectionStringParser" name="test_parse_connection_string_suffix" time="0.001" /><testcase classname="sdk.monitor.azure-monitor-opentelemetry-exporter.tests.test_connection_string_parser.TestConnectionStringParser" name="test_parse_connection_string_suffix_no_location" time="0.001" /><testcase classname="sdk.monitor.azure-monitor-opentelemetry-exporter.tests.test_connection_string_parser.TestConnectionStringParser" name="test_process_options_endpoint_code_cs" time="0.001" /><testcase classname="sdk.monitor.azure-monitor-opentelemetry-exporter.tests.test_connection_string_parser.TestConnectionStringParser" name="test_process_options_endpoint_default" time="0.001" /><testcase classname="sdk.monitor.azure-monitor-opentelemetry-exporter.tests.test_connection_string_parser.TestConnectionStringParser" name="test_process_options_endpoint_env_cs" time="0.001" /><testcase classname="sdk.monitor.azure-monitor-opentelemetry-exporter.tests.test_connection_string_parser.TestConnectionStringParser" name="test_process_options_ikey_code_cs" time="0.001" /><testcase classname="sdk.monitor.azure-monitor-opentelemetry-exporter.tests.test_connection_string_parser.TestConnectionStringParser" name="test_process_options_ikey_env_cs" time="0.001" /><testcase classname="sdk.monitor.azure-monitor-opentelemetry-exporter.tests.test_connection_string_parser.TestConnectionStringParser" name="test_process_options_ikey_env_ikey" time="0.001" /><testcase classname="sdk.monitor.azure-monitor-opentelemetry-exporter.tests.test_connection_string_parser.TestConnectionStringParser" name="test_validate_connection_String" time="0.001" /><testcase classname="sdk.monitor.azure-monitor-opentelemetry-exporter.tests.test_storage.TestLocalFileBlob" name="test_delete" time="0.001" /><testcase classname="sdk.monitor.azure-monitor-opentelemetry-exporter.tests.test_storage.TestLocalFileBlob" name="test_get" time="0.001" /><testcase classname="sdk.monitor.azure-monitor-opentelemetry-exporter.tests.test_storage.TestLocalFileBlob" name="test_lease_error" time="0.001"><skipped type="pytest.skip" message="transient storage">C:\Users\jeremyvoss\workplace\azure-sdk-for-python\sdk\monitor\azure-monitor-opentelemetry-exporter\tests\test_storage.py:72: transient storage</skipped></testcase><testcase classname="sdk.monitor.azure-monitor-opentelemetry-exporter.tests.test_storage.TestLocalFileBlob" name="test_put" time="0.001"><skipped type="pytest.skip" message="transient storage">C:\Users\jeremyvoss\workplace\azure-sdk-for-python\sdk\monitor\azure-monitor-opentelemetry-exporter\tests\test_storage.py:65: transient storage</skipped></testcase><testcase classname="sdk.monitor.azure-monitor-opentelemetry-exporter.tests.test_storage.TestLocalFileBlob" name="test_put_error" time="0.003" /><testcase classname="sdk.monitor.azure-monitor-opentelemetry-exporter.tests.test_storage.TestLocalFileStorage" name="test_check_storage_size_error" time="0.005" /><testcase classname="sdk.monitor.azure-monitor-opentelemetry-exporter.tests.test_storage.TestLocalFileStorage" name="test_check_storage_size_full" time="0.004" /><testcase classname="sdk.monitor.azure-monitor-opentelemetry-exporter.tests.test_storage.TestLocalFileStorage" name="test_check_storage_size_links" time="0.003" /><testcase classname="sdk.monitor.azure-monitor-opentelemetry-exporter.tests.test_storage.TestLocalFileStorage" name="test_check_storage_size_no_files" time="0.001" /><testcase classname="sdk.monitor.azure-monitor-opentelemetry-exporter.tests.test_storage.TestLocalFileStorage" name="test_check_storage_size_not_full" time="0.005" /><testcase classname="sdk.monitor.azure-monitor-opentelemetry-exporter.tests.test_storage.TestLocalFileStorage" name="test_get" time="0.015" /><testcase classname="sdk.monitor.azure-monitor-opentelemetry-exporter.tests.test_storage.TestLocalFileStorage" name="test_get_nothing" time="0.002" /><testcase classname="sdk.monitor.azure-monitor-opentelemetry-exporter.tests.test_storage.TestLocalFileStorage" name="test_maintenance_routine" time="0.003" /><testcase classname="sdk.monitor.azure-monitor-opentelemetry-exporter.tests.test_storage.TestLocalFileStorage" name="test_put" time="0.013" /><testcase classname="sdk.monitor.azure-monitor-opentelemetry-exporter.tests.test_storage.TestLocalFileStorage" name="test_put_max_size" time="0.006" /><testcase classname="sdk.monitor.azure-monitor-opentelemetry-exporter.tests.test_utils.TestUtils" name="test_nanoseconds_to_duration" time="0.002" /><testcase classname="sdk.monitor.azure-monitor-opentelemetry-exporter.tests.test_utils.TestUtils" name="test_populate_part_a_fields" time="0.001" /><testcase classname="sdk.monitor.azure-monitor-opentelemetry-exporter.tests.test_utils.TestUtils" name="test_populate_part_a_fields_default" time="0.001" /><testcase classname="sdk.monitor.azure-monitor-opentelemetry-exporter.tests.logs.test_logs.TestAzureLogExporter" name="test_constructor" time="0.002" /><testcase classname="sdk.monitor.azure-monitor-opentelemetry-exporter.tests.logs.test_logs.TestAzureLogExporter" name="test_export_empty" time="0.001" /><testcase classname="sdk.monitor.azure-monitor-opentelemetry-exporter.tests.logs.test_logs.TestAzureLogExporter" name="test_export_exception" time="0.004" /><testcase classname="sdk.monitor.azure-monitor-opentelemetry-exporter.tests.logs.test_logs.TestAzureLogExporter" name="test_export_failure" time="0.004" /><testcase classname="sdk.monitor.azure-monitor-opentelemetry-exporter.tests.logs.test_logs.TestAzureLogExporter" name="test_export_not_retryable" time="0.001" /><testcase classname="sdk.monitor.azure-monitor-opentelemetry-exporter.tests.logs.test_logs.TestAzureLogExporter" name="test_export_success" time="0.001" /><testcase classname="sdk.monitor.azure-monitor-opentelemetry-exporter.tests.logs.test_logs.TestAzureLogExporter" name="test_from_connection_string" time="0.002" /><testcase classname="sdk.monitor.azure-monitor-opentelemetry-exporter.tests.logs.test_logs.TestAzureLogExporter" name="test_log_to_envelope_exception" time="0.001" /><testcase classname="sdk.monitor.azure-monitor-opentelemetry-exporter.tests.logs.test_logs.TestAzureLogExporter" name="test_log_to_envelope_log" time="0.001" /><testcase classname="sdk.monitor.azure-monitor-opentelemetry-exporter.tests.logs.test_logs.TestAzureLogExporter" name="test_log_to_envelope_partA" time="0.001" /><testcase classname="sdk.monitor.azure-monitor-opentelemetry-exporter.tests.logs.test_logs.TestAzureLogExporter" name="test_log_to_envelope_partA_default" time="0.001" /><testcase classname="sdk.monitor.azure-monitor-opentelemetry-exporter.tests.logs.test_logs.TestAzureLogExporterUtils" name="test_get_log_export_result" time="0.001" /><testcase classname="sdk.monitor.azure-monitor-opentelemetry-exporter.tests.logs.test_logs.TestAzureLogExporterUtils" name="test_get_severity_level" time="0.001" /><testcase classname="sdk.monitor.azure-monitor-opentelemetry-exporter.tests.metrics.test_metrics.TestAzureMetricExporter" name="test_constructor" time="0.006" /><testcase classname="sdk.monitor.azure-monitor-opentelemetry-exporter.tests.metrics.test_metrics.TestAzureMetricExporter" name="test_export_exception" time="0.001" /><testcase classname="sdk.monitor.azure-monitor-opentelemetry-exporter.tests.metrics.test_metrics.TestAzureMetricExporter" name="test_export_failure" time="0.001" /><testcase classname="sdk.monitor.azure-monitor-opentelemetry-exporter.tests.metrics.test_metrics.TestAzureMetricExporter" name="test_export_none" time="0.001" /><testcase classname="sdk.monitor.azure-monitor-opentelemetry-exporter.tests.metrics.test_metrics.TestAzureMetricExporter" name="test_export_not_retryable" time="0.001" /><testcase classname="sdk.monitor.azure-monitor-opentelemetry-exporter.tests.metrics.test_metrics.TestAzureMetricExporter" name="test_export_success" time="0.001" /><testcase classname="sdk.monitor.azure-monitor-opentelemetry-exporter.tests.metrics.test_metrics.TestAzureMetricExporter" name="test_from_connection_string" time="0.004" /><testcase classname="sdk.monitor.azure-monitor-opentelemetry-exporter.tests.metrics.test_metrics.TestAzureMetricExporter" name="test_point_to_envelope_histogram" time="0.001" /><testcase classname="sdk.monitor.azure-monitor-opentelemetry-exporter.tests.metrics.test_metrics.TestAzureMetricExporter" name="test_point_to_envelope_number" time="0.001" /><testcase classname="sdk.monitor.azure-monitor-opentelemetry-exporter.tests.metrics.test_metrics.TestAzureMetricExporter" name="test_point_to_envelope_partA" time="0.002" /><testcase classname="sdk.monitor.azure-monitor-opentelemetry-exporter.tests.metrics.test_metrics.TestAzureMetricExporter" name="test_point_to_envelope_partA_default" time="0.001" /><testcase classname="sdk.monitor.azure-monitor-opentelemetry-exporter.tests.metrics.test_metrics.TestAzureMetricExporter" name="test_point_to_envelope_std_metric_client_duration" time="0.001" /><testcase classname="sdk.monitor.azure-monitor-opentelemetry-exporter.tests.metrics.test_metrics.TestAzureMetricExporter" name="test_point_to_envelope_std_metric_server_duration" time="0.001" /><testcase classname="sdk.monitor.azure-monitor-opentelemetry-exporter.tests.metrics.test_metrics.TestAzureMetricExporter" name="test_point_to_envelope_std_metric_unsupported" time="0.001" /><testcase classname="sdk.monitor.azure-monitor-opentelemetry-exporter.tests.metrics.test_metrics.TestAzureMetricExporterUtils" name="test_get_metric_export_result" time="0.001" /><testcase classname="sdk.monitor.azure-monitor-opentelemetry-exporter.tests.statsbeat.test_exporter.TestStatsbeatExporter" name="test_init" time="0.006" /><testcase classname="sdk.monitor.azure-monitor-opentelemetry-exporter.tests.statsbeat.test_exporter.TestStatsbeatExporter" name="test_point_to_envelope" time="0.001" /><testcase classname="sdk.monitor.azure-monitor-opentelemetry-exporter.tests.statsbeat.test_exporter.TestStatsbeatExporter" name="test_transmit_200_reach_ingestion" time="0.001" /><testcase classname="sdk.monitor.azure-monitor-opentelemetry-exporter.tests.statsbeat.test_exporter.TestStatsbeatExporter" name="test_transmit_206_reach_ingestion" time="0.003" /><testcase classname="sdk.monitor.azure-monitor-opentelemetry-exporter.tests.statsbeat.test_exporter.TestStatsbeatExporter" name="test_transmit_not_reach_ingestion_code" time="0.003" /><testcase classname="sdk.monitor.azure-monitor-opentelemetry-exporter.tests.statsbeat.test_exporter.TestStatsbeatExporter" name="test_transmit_not_reach_ingestion_exception" time="0.002" /><testcase classname="sdk.monitor.azure-monitor-opentelemetry-exporter.tests.statsbeat.test_exporter.TestStatsbeatExporter" name="test_transmit_not_reach_ingestion_exception_shutdown" time="0.002" /><testcase classname="sdk.monitor.azure-monitor-opentelemetry-exporter.tests.statsbeat.test_exporter.TestStatsbeatExporter" name="test_transmit_reach_ingestion_code" time="0.002" /><testcase classname="sdk.monitor.azure-monitor-opentelemetry-exporter.tests.statsbeat.test_statsbeat.TestStatsbeat" name="test_collect_statsbeat_metrics" time="0.041" /><testcase classname="sdk.monitor.azure-monitor-opentelemetry-exporter.tests.statsbeat.test_statsbeat.TestStatsbeat" name="test_collect_statsbeat_metrics_eu" time="0.003" /><testcase classname="sdk.monitor.azure-monitor-opentelemetry-exporter.tests.statsbeat.test_statsbeat.TestStatsbeat" name="test_collect_statsbeat_metrics_exists" time="0.001" /><testcase classname="sdk.monitor.azure-monitor-opentelemetry-exporter.tests.statsbeat.test_statsbeat.TestStatsbeat" name="test_collect_statsbeat_metrics_non_eu" time="0.005" /><testcase classname="sdk.monitor.azure-monitor-opentelemetry-exporter.tests.statsbeat.test_statsbeat.TestStatsbeat" name="test_shutdown_statsbeat_metrics" time="0.001" /><testcase classname="sdk.monitor.azure-monitor-opentelemetry-exporter.tests.statsbeat.test_statsbeat.TestStatsbeatMetrics" name="test_get_attach_metric_appsvc" time="0.002" /><testcase classname="sdk.monitor.azure-monitor-opentelemetry-exporter.tests.statsbeat.test_statsbeat.TestStatsbeatMetrics" name="test_get_attach_metric_does_not_meet_threshold" time="0.002" /><testcase classname="sdk.monitor.azure-monitor-opentelemetry-exporter.tests.statsbeat.test_statsbeat.TestStatsbeatMetrics" name="test_get_attach_metric_functions" time="0.003" /><testcase classname="sdk.monitor.azure-monitor-opentelemetry-exporter.tests.statsbeat.test_statsbeat.TestStatsbeatMetrics" name="test_get_attach_metric_meet_threshold" time="0.001" /><testcase classname="sdk.monitor.azure-monitor-opentelemetry-exporter.tests.statsbeat.test_statsbeat.TestStatsbeatMetrics" name="test_get_attach_metric_unknown" time="0.002" /><testcase classname="sdk.monitor.azure-monitor-opentelemetry-exporter.tests.statsbeat.test_statsbeat.TestStatsbeatMetrics" name="test_get_attach_metric_vm" time="0.001" /><testcase classname="sdk.monitor.azure-monitor-opentelemetry-exporter.tests.statsbeat.test_statsbeat.TestStatsbeatMetrics" name="test_get_attach_metric_vm_no_os" time="0.001" /><testcase classname="sdk.monitor.azure-monitor-opentelemetry-exporter.tests.statsbeat.test_statsbeat.TestStatsbeatMetrics" name="test_get_average_duration" time="0.001" /><testcase classname="sdk.monitor.azure-monitor-opentelemetry-exporter.tests.statsbeat.test_statsbeat.TestStatsbeatMetrics" name="test_get_average_duration_zero_value" time="0.001" /><testcase classname="sdk.monitor.azure-monitor-opentelemetry-exporter.tests.statsbeat.test_statsbeat.TestStatsbeatMetrics" name="test_get_azure_compute_metadata" time="0.002" /><testcase classname="sdk.monitor.azure-monitor-opentelemetry-exporter.tests.statsbeat.test_statsbeat.TestStatsbeatMetrics" name="test_get_azure_compute_metadata_not_vm" time="0.001" /><testcase classname="sdk.monitor.azure-monitor-opentelemetry-exporter.tests.statsbeat.test_statsbeat.TestStatsbeatMetrics" name="test_get_azure_compute_metadata_not_vm_timeout" time="0.001" /><testcase classname="sdk.monitor.azure-monitor-opentelemetry-exporter.tests.statsbeat.test_statsbeat.TestStatsbeatMetrics" name="test_get_azure_compute_metadata_vm_retry" time="0.001" /><testcase classname="sdk.monitor.azure-monitor-opentelemetry-exporter.tests.statsbeat.test_statsbeat.TestStatsbeatMetrics" name="test_get_exception_count" time="0.001" /><testcase classname="sdk.monitor.azure-monitor-opentelemetry-exporter.tests.statsbeat.test_statsbeat.TestStatsbeatMetrics" name="test_get_exception_zero_value" time="0.001" /><testcase classname="sdk.monitor.azure-monitor-opentelemetry-exporter.tests.statsbeat.test_statsbeat.TestStatsbeatMetrics" name="test_get_failure_count" time="0.001" /><testcase classname="sdk.monitor.azure-monitor-opentelemetry-exporter.tests.statsbeat.test_statsbeat.TestStatsbeatMetrics" name="test_get_failure_zero_value" time="0.001" /><testcase classname="sdk.monitor.azure-monitor-opentelemetry-exporter.tests.statsbeat.test_statsbeat.TestStatsbeatMetrics" name="test_get_feature_metric" time="0.001" /><testcase classname="sdk.monitor.azure-monitor-opentelemetry-exporter.tests.statsbeat.test_statsbeat.TestStatsbeatMetrics" name="test_get_feature_metric_does_not_meet_threshold" time="0.001" /><testcase classname="sdk.monitor.azure-monitor-opentelemetry-exporter.tests.statsbeat.test_statsbeat.TestStatsbeatMetrics" name="test_get_feature_metric_instrumentation" time="0.002" /><testcase classname="sdk.monitor.azure-monitor-opentelemetry-exporter.tests.statsbeat.test_statsbeat.TestStatsbeatMetrics" name="test_get_feature_metric_instrumentation_none" time="0.001" /><testcase classname="sdk.monitor.azure-monitor-opentelemetry-exporter.tests.statsbeat.test_statsbeat.TestStatsbeatMetrics" name="test_get_feature_metric_meet_threshold" time="0.001" /><testcase classname="sdk.monitor.azure-monitor-opentelemetry-exporter.tests.statsbeat.test_statsbeat.TestStatsbeatMetrics" name="test_get_feature_metric_none" time="0.001" /><testcase classname="sdk.monitor.azure-monitor-opentelemetry-exporter.tests.statsbeat.test_statsbeat.TestStatsbeatMetrics" name="test_get_retry_count" time="0.001" /><testcase classname="sdk.monitor.azure-monitor-opentelemetry-exporter.tests.statsbeat.test_statsbeat.TestStatsbeatMetrics" name="test_get_retry_zero_value" time="0.001" /><testcase classname="sdk.monitor.azure-monitor-opentelemetry-exporter.tests.statsbeat.test_statsbeat.TestStatsbeatMetrics" name="test_get_success_count" time="0.001" /><testcase classname="sdk.monitor.azure-monitor-opentelemetry-exporter.tests.statsbeat.test_statsbeat.TestStatsbeatMetrics" name="test_get_success_zero_value" time="0.002" /><testcase classname="sdk.monitor.azure-monitor-opentelemetry-exporter.tests.statsbeat.test_statsbeat.TestStatsbeatMetrics" name="test_get_throttle_count" time="0.001" /><testcase classname="sdk.monitor.azure-monitor-opentelemetry-exporter.tests.statsbeat.test_statsbeat.TestStatsbeatMetrics" name="test_get_throttle_zero_value" time="0.001" /><testcase classname="sdk.monitor.azure-monitor-opentelemetry-exporter.tests.statsbeat.test_statsbeat.TestStatsbeatMetrics" name="test_init_non_initial_metrics" time="0.001" /><testcase classname="sdk.monitor.azure-monitor-opentelemetry-exporter.tests.statsbeat.test_statsbeat.TestStatsbeatMetrics" name="test_shorten_host" time="0.001" /><testcase classname="sdk.monitor.azure-monitor-opentelemetry-exporter.tests.statsbeat.test_statsbeat.TestStatsbeatMetrics" name="test_statsbeat_metric_init" time="0.001" /><testcase classname="sdk.monitor.azure-monitor-opentelemetry-exporter.tests.trace.test_sampling.TestApplicationInsightsSampler" name="test_constructor" time="0.001" /><testcase classname="sdk.monitor.azure-monitor-opentelemetry-exporter.tests.trace.test_sampling.TestApplicationInsightsSampler" name="test_invalid_ratio" time="0.001" /><testcase classname="sdk.monitor.azure-monitor-opentelemetry-exporter.tests.trace.test_sampling.TestApplicationInsightsSampler" name="test_should_sample" time="0.070" /><testcase classname="sdk.monitor.azure-monitor-opentelemetry-exporter.tests.trace.test_sampling.TestApplicationInsightsSampler" name="test_should_sample_not_sampled" time="0.001" /><testcase classname="sdk.monitor.azure-monitor-opentelemetry-exporter.tests.trace.test_trace.TestAzureTraceExporter" name="test_constructor" time="0.005" /><testcase classname="sdk.monitor.azure-monitor-opentelemetry-exporter.tests.trace.test_trace.TestAzureTraceExporter" name="test_export_empty" time="0.002" /><testcase classname="sdk.monitor.azure-monitor-opentelemetry-exporter.tests.trace.test_trace.TestAzureTraceExporter" name="test_export_exception" time="0.002" /><testcase classname="sdk.monitor.azure-monitor-opentelemetry-exporter.tests.trace.test_trace.TestAzureTraceExporter" name="test_export_failure" time="0.003" /><testcase classname="sdk.monitor.azure-monitor-opentelemetry-exporter.tests.trace.test_trace.TestAzureTraceExporter" name="test_export_not_retryable" time="0.002" /><testcase classname="sdk.monitor.azure-monitor-opentelemetry-exporter.tests.trace.test_trace.TestAzureTraceExporter" name="test_export_success" time="0.001" /><testcase classname="sdk.monitor.azure-monitor-opentelemetry-exporter.tests.trace.test_trace.TestAzureTraceExporter" name="test_from_connection_string" time="0.003" /><testcase classname="sdk.monitor.azure-monitor-opentelemetry-exporter.tests.trace.test_trace.TestAzureTraceExporter" name="test_span_envelope_request_azure" time="0.002" /><testcase classname="sdk.monitor.azure-monitor-opentelemetry-exporter.tests.trace.test_trace.TestAzureTraceExporter" name="test_span_envelope_server_http" time="0.002" /><testcase classname="sdk.monitor.azure-monitor-opentelemetry-exporter.tests.trace.test_trace.TestAzureTraceExporter" name="test_span_envelope_server_messaging" time="0.001" /><testcase classname="sdk.monitor.azure-monitor-opentelemetry-exporter.tests.trace.test_trace.TestAzureTraceExporter" name="test_span_events_to_envelopes_exception" time="0.002" /><testcase classname="sdk.monitor.azure-monitor-opentelemetry-exporter.tests.trace.test_trace.TestAzureTraceExporter" name="test_span_events_to_envelopes_message" time="0.001" /><testcase classname="sdk.monitor.azure-monitor-opentelemetry-exporter.tests.trace.test_trace.TestAzureTraceExporter" name="test_span_events_to_envelopes_sample_rate" time="0.001" /><testcase classname="sdk.monitor.azure-monitor-opentelemetry-exporter.tests.trace.test_trace.TestAzureTraceExporter" name="test_span_to_envelope_client_azure" time="0.001" /><testcase classname="sdk.monitor.azure-monitor-opentelemetry-exporter.tests.trace.test_trace.TestAzureTraceExporter" name="test_span_to_envelope_client_db" time="0.002" /><testcase classname="sdk.monitor.azure-monitor-opentelemetry-exporter.tests.trace.test_trace.TestAzureTraceExporter" name="test_span_to_envelope_client_http" time="0.002" /><testcase classname="sdk.monitor.azure-monitor-opentelemetry-exporter.tests.trace.test_trace.TestAzureTraceExporter" name="test_span_to_envelope_client_messaging" time="0.001" /><testcase classname="sdk.monitor.azure-monitor-opentelemetry-exporter.tests.trace.test_trace.TestAzureTraceExporter" name="test_span_to_envelope_client_rpc" time="0.001" /><testcase classname="sdk.monitor.azure-monitor-opentelemetry-exporter.tests.trace.test_trace.TestAzureTraceExporter" name="test_span_to_envelope_internal" time="0.001" /><testcase classname="sdk.monitor.azure-monitor-opentelemetry-exporter.tests.trace.test_trace.TestAzureTraceExporter" name="test_span_to_envelope_partA" time="0.001" /><testcase classname="sdk.monitor.azure-monitor-opentelemetry-exporter.tests.trace.test_trace.TestAzureTraceExporter" name="test_span_to_envelope_partA_default" time="0.002" /><testcase classname="sdk.monitor.azure-monitor-opentelemetry-exporter.tests.trace.test_trace.TestAzureTraceExporter" name="test_span_to_envelope_producer_messaging" time="0.001" /><testcase classname="sdk.monitor.azure-monitor-opentelemetry-exporter.tests.trace.test_trace.TestAzureTraceExporter" name="test_span_to_envelope_properties" time="0.001" /><testcase classname="sdk.monitor.azure-monitor-opentelemetry-exporter.tests.trace.test_trace.TestAzureTraceExporter" name="test_span_to_envelope_properties_links" time="0.001" /><testcase classname="sdk.monitor.azure-monitor-opentelemetry-exporter.tests.trace.test_trace.TestAzureTraceExporter" name="test_span_to_envelope_properties_std_metrics" time="0.001" /><testcase classname="sdk.monitor.azure-monitor-opentelemetry-exporter.tests.trace.test_trace.TestAzureTraceExporter" name="test_span_to_envelope_sample_rate" time="0.001" /><testcase classname="sdk.monitor.azure-monitor-opentelemetry-exporter.tests.trace.test_trace.TestAzureTraceExporter" name="test_span_to_envelope_success_error" time="0.001" /><testcase classname="sdk.monitor.azure-monitor-opentelemetry-exporter.tests.trace.test_trace.TestAzureTraceExporterUtils" name="test_check_instrumentation_span" time="0.003" /><testcase classname="sdk.monitor.azure-monitor-opentelemetry-exporter.tests.trace.test_trace.TestAzureTraceExporterUtils" name="test_check_instrumentation_span_azure_sdk" time="0.002" /><testcase classname="sdk.monitor.azure-monitor-opentelemetry-exporter.tests.trace.test_trace.TestAzureTraceExporterUtils" name="test_check_instrumentation_span_not_instrumentation" time="0.001" /><testcase classname="sdk.monitor.azure-monitor-opentelemetry-exporter.tests.trace.test_trace.TestAzureTraceExporterUtils" name="test_get_trace_export_result" time="0.004" /></testsuite></testsuites>